Logfile initialized
[INFO] logfile = C:\Users\sevir\Documents\Findmehere\build.log
[DEBUG] C:\Users\sevir\AppData\Roaming\Titanium\mobilesdk\win32\1.7.3\android\builder.py simulator Findmehere C:\develop\android-sdk-windows C:\Users\sevir\Documents\Findmehere com.sevir.findmehere 9 HVGA
[INFO] Building Findmehere for Android ... one moment
[INFO] Titanium SDK version: 1.7.3 (10/17/11 13:44 dcf4257)
[DEBUG] Waiting for device to be ready ...
[TRACE] adb devices returned 1 devices/emulators
[TRACE] adb devices returned 1 devices/emulators
[TRACE] adb devices returned 1 devices/emulators
[TRACE] adb devices returned 1 devices/emulators
[TRACE] adb devices returned 1 devices/emulators
[INFO] Launching application ... Findmehere
[TRACE] adb devices returned 1 devices/emulators
[DEBUG] Device connected... (waited 25 seconds)
[DEBUG] waited 25.274000 seconds on emulator to get ready
[INFO] Waiting for the Android Emulator to become available
[ERROR] Timed out waiting for android.process.acore
[DEBUG] com.sevir.findmehere installed? False
[INFO] Fastdev server running, deploying in Fastdev mode
[INFO] Copying project resources..
[TRACE] Generating Java Classes
[DEBUG] Processing Android resource drawables
[DEBUG] copying app icon: C:\Users\sevir\Documents\Findmehere\build\android\bin\assets\Resources\appicon.png
[DEBUG] generating theme.xml
[DEBUG] found splash screen at C:\Users\sevir\Documents\Findmehere\build\android\bin\assets\Resources\default.png
[TRACE] Writing out AndroidManifest.xml
[DEBUG] adding C:\Users\sevir\Documents\Findmehere\build\android\gen\com\sevir\findmehere\FindmehereActivity.java to javac build list
[DEBUG] adding C:\Users\sevir\Documents\Findmehere\build\android\gen\com\sevir\findmehere\FindmehereAppInfo.java to javac build list
[DEBUG] adding C:\Users\sevir\Documents\Findmehere\build\android\gen\com\sevir\findmehere\FindmehereApplication.java to javac build list
[DEBUG] adding C:\Users\sevir\Documents\Findmehere\build\android\gen\com\sevir\findmehere\R.java to javac build list
[DEBUG] Building Java Sources: "C:\\Users\\sevir\\Documents\\Findmehere\\build\\android\\gen\\com\\sevir\\findmehere\\FindmehereActivity.java" "C:\\Users\\sevir\\Documents\\Findmehere\\build\\android\\gen\\com\\sevir\\findmehere\\FindmehereAppInfo.java" "C:\\Users\\sevir\\Documents\\Findmehere\\build\\android\\gen\\com\\sevir\\findmehere\\FindmehereApplication.java" "C:\\Users\\sevir\\Documents\\Findmehere\\build\\android\\gen\\com\\sevir\\findmehere\\R.java"
[INFO] Waiting for SDCard to become available..
[TRACE] Launch output: Error type 2
android.util.AndroidException: Can't connect to activity manager; is the system running?

[INFO] Deployed Findmehere ... Application should be running.
[ERROR] Timed out waiting for SDCard to become available (60s)
[INFO] Compiling Android Resources... This could take some time
[DEBUG] Android classes.dex built
[DEBUG] creating unsigned apk: C:\Users\sevir\Documents\Findmehere\build\android\bin\app-unsigned.apk
[DEBUG] from resource zip => assets/Resources/KS_nav_ui.png
[DEBUG] from resource zip => assets/Resources/KS_nav_views.png
[DEBUG] from resource zip => assets/Resources/TiAir.js
[DEBUG] from resource zip => assets/Resources/app.js
[DEBUG] from resource zip => assets/Resources/appicon.png
[DEBUG] from resource zip => assets/Resources/default.png
[DEBUG] from resource zip => assets/Resources/joli.js
[DEBUG] from resource zip => assets/Resources/redux.js
[DEBUG] from resource zip => assets/Resources/tiquery.js
[DEBUG] from resource zip => assets/tiapp.xml
[DEBUG] from resource zip => res/drawable/appicon.png
[DEBUG] from resource zip => res/drawable/background.png
[DEBUG] from resource zip => res/drawable/facebook_icon.png
[DEBUG] from resource zip => res/drawable/facebook_login.png
[DEBUG] from resource zip => res/drawable/facebook_login_down.png
[DEBUG] from resource zip => res/drawable/facebook_login_wide.png
[DEBUG] from resource zip => res/drawable/facebook_login_wide_down.png
[DEBUG] from resource zip => res/drawable/facebook_logout.png
[DEBUG] from resource zip => res/drawable/facebook_logout_down.png
[DEBUG] from resource zip => res/layout/titanium_tabgroup.xml
[DEBUG] from resource zip => AndroidManifest.xml
[DEBUG] from resource zip => resources.arsc
[DEBUG] from resource zip => res/drawable-hdpi/facebook_icon.png
[DEBUG] from resource zip => res/drawable-ldpi/facebook_icon.png
[DEBUG] from JAR C:\Users\sevir\AppData\Roaming\Titanium\mobilesdk\win32\1.7.3\android\titanium.jar => org/apache/Commons-NOTICE.txt
[DEBUG] from JAR C:\Users\sevir\AppData\Roaming\Titanium\mobilesdk\win32\1.7.3\android\titanium.jar => org/apache/HttpComponents-NOTICE.txt
[DEBUG] from JAR C:\Users\sevir\AppData\Roaming\Titanium\mobilesdk\win32\1.7.3\android\titanium.jar => org/apache/mime4j-NOTICE.txt
[DEBUG] from JAR C:\Users\sevir\AppData\Roaming\Titanium\mobilesdk\win32\1.7.3\android\titanium.jar => org/appcelerator/titanium/build.properties
[DEBUG] from JAR C:\Users\sevir\AppData\Roaming\Titanium\mobilesdk\win32\1.7.3\android\titanium.jar => org/appcelerator/titanium/res/drawable/background.png
[DEBUG] from JAR C:\Users\sevir\AppData\Roaming\Titanium\mobilesdk\win32\1.7.3\android\titanium.jar => org/appcelerator/titanium/res/drawable/btn_check_buttonless_on.png
[DEBUG] from JAR C:\Users\sevir\AppData\Roaming\Titanium\mobilesdk\win32\1.7.3\android\titanium.jar => org/appcelerator/titanium/res/drawable/btn_check_buttonless_on_18.png
[DEBUG] from JAR C:\Users\sevir\AppData\Roaming\Titanium\mobilesdk\win32\1.7.3\android\titanium.jar => org/appcelerator/titanium/res/drawable/btn_check_buttonless_on_48.png
[DEBUG] from JAR C:\Users\sevir\AppData\Roaming\Titanium\mobilesdk\win32\1.7.3\android\titanium.jar => org/appcelerator/titanium/res/drawable/btn_more.png
[DEBUG] from JAR C:\Users\sevir\AppData\Roaming\Titanium\mobilesdk\win32\1.7.3\android\titanium.jar => org/appcelerator/titanium/res/drawable/btn_more_18.png
[DEBUG] from JAR C:\Users\sevir\AppData\Roaming\Titanium\mobilesdk\win32\1.7.3\android\titanium.jar => org/appcelerator/titanium/res/drawable/btn_more_48.png
[DEBUG] from JAR C:\Users\sevir\AppData\Roaming\Titanium\mobilesdk\win32\1.7.3\android\titanium.jar => org/appcelerator/titanium/res/drawable/btn_picker_normal.9.png
[DEBUG] from JAR C:\Users\sevir\AppData\Roaming\Titanium\mobilesdk\win32\1.7.3\android\titanium.jar => org/appcelerator/titanium/res/drawable/btn_picker_pressed.9.png
[DEBUG] from JAR C:\Users\sevir\AppData\Roaming\Titanium\mobilesdk\win32\1.7.3\android\titanium.jar => org/appcelerator/titanium/res/drawable/btn_picker_selected.9.png
[DEBUG] from JAR C:\Users\sevir\AppData\Roaming\Titanium\mobilesdk\win32\1.7.3\android\titanium.jar => org/appcelerator/titanium/res/drawable/default_icon.png
[DEBUG] from JAR C:\Users\sevir\AppData\Roaming\Titanium\mobilesdk\win32\1.7.3\android\titanium.jar => org/appcelerator/titanium/res/drawable/photoDefault.png
[DEBUG] from JAR C:\Users\sevir\AppData\Roaming\Titanium\mobilesdk\win32\1.7.3\android\modules\titanium-ui.jar => ti/modules/titanium/ui/widget/webview/binding.js
[DEBUG] from JAR C:\Users\sevir\AppData\Roaming\Titanium\mobilesdk\win32\1.7.3\android\modules\titanium-ui.jar => ti/modules/titanium/ui/widget/webview/binding.min.js
[DEBUG] from JAR C:\Users\sevir\AppData\Roaming\Titanium\mobilesdk\win32\1.7.3\android\modules\titanium-ui.jar => ti/modules/titanium/ui/widget/webview/json2.js
[DEBUG] from JAR C:\Users\sevir\AppData\Roaming\Titanium\mobilesdk\win32\1.7.3\android\modules\titanium-yahoo.jar => ti/modules/titanium/yahoo/yahoo.js
[DEBUG] from JAR C:\Users\sevir\AppData\Roaming\Titanium\mobilesdk\win32\1.7.3\android\smalljs.jar => org/mozilla/javascript/resources/Messages.properties
[DEBUG] from JAR C:\Users\sevir\AppData\Roaming\Titanium\mobilesdk\win32\1.7.3\android\smalljs.jar => org/mozilla/javascript/resources/Messages_fr.properties
[DEBUG] from JAR C:\Users\sevir\AppData\Roaming\Titanium\mobilesdk\win32\1.7.3\android\modules\titanium-facebook.jar => ti/modules/titanium/facebook/LICENSE
[DEBUG] Waiting for device to be ready ...
[TRACE] adb devices returned 1 devices/emulators
[DEBUG] Device connected... (waited 0 seconds)
[DEBUG] waited 0.062000 seconds on emulator to get ready
[INFO] Installing application on device
[INFO] Launching application ... Findmehere
[TRACE] Launch output: Starting: Intent { act=android.intent.action.MAIN cat=[android.intent.category.LAUNCHER] cmp=com.sevir.findmehere/.FindmehereActivity }

[INFO] Deployed Findmehere ... Application should be running.
